2021-01-09 15:49:11 [127.0.0.1][-][11blc4bmrbqj8fcse3tulertiiua3vlo][error][yii\web\HttpException:404] yii\base\InvalidRouteException: Unable to resolve the request "js/jquery.min.map". in D:\OSPanel\domains\convert.loc\vendor\yiisoft\yii2\base\Module.php:543
Stack trace:
#0 D:\OSPanel\domains\convert.loc\vendor\yiisoft\yii2\web\Application.php(104): yii\base\Module->runAction('js/jquery.min.m...', Array)
#1 D:\OSPanel\domains\convert.loc\vendor\yiisoft\yii2\base\Application.php(392): yii\web\Application->handleRequest(Object(yii\web\Request))
#2 D:\OSPanel\domains\convert.loc\web\index.php(12): yii\base\Application->run()
#3 {main}

Next yii\web\NotFoundHttpException: Page not found. in D:\OSPanel\domains\convert.loc\vendor\yiisoft\yii2\web\Application.php:116
Stack trace:
#0 D:\OSPanel\domains\convert.loc\vendor\yiisoft\yii2\base\Application.php(392): yii\web\Application->handleRequest(Object(yii\web\Request))
#1 D:\OSPanel\domains\convert.loc\web\index.php(12): yii\base\Application->run()
#2 {main}
2021-01-09 15:49:11 [127.0.0.1][-][11blc4bmrbqj8fcse3tulertiiua3vlo][info][application] $_GET = []

$_POST = []

$_FILES = []

$_COOKIE = [
    'PHPSESSID' => '11blc4bmrbqj8fcse3tulertiiua3vlo'
    '_csrf' => '0c7b78b8f0fa393a01d16cb4799ec70785db032c9c647a72640f43c8a25c1804a:2:{i:0;s:5:\"_csrf\";i:1;s:32:\"j9kFgPau8rHrxyAGtVV11iuZ509E3oZG\";}'
]

$_SESSION = [
    '__flash' => []
]

$_SERVER = [
    'REDIRECT_STATUS' => '200'
    'HTTP_HOST' => 'convert.loc'
    'HTTP_CONNECTION' => 'keep-alive'
    'HTTP_PRAGMA' => 'no-cache'
    'HTTP_CACHE_CONTROL' => 'no-cache'
    'HTTP_USER_AGENT' => 'Mozilla/5.0 (Windows NT 10.0; Win64; x64) AppleWebKit/537.36 (KHTML, like Gecko) Chrome/87.0.4280.88 Safari/537.36'
    'HTTP_ACCEPT_ENCODING' => 'gzip, deflate'
    'HTTP_ACCEPT_LANGUAGE' => 'ru-RU,ru;q=0.9,en-US;q=0.8,en;q=0.7,uz;q=0.6'
    'HTTP_COOKIE' => 'PHPSESSID=11blc4bmrbqj8fcse3tulertiiua3vlo; _csrf=0c7b78b8f0fa393a01d16cb4799ec70785db032c9c647a72640f43c8a25c1804a%3A2%3A%7Bi%3A0%3Bs%3A5%3A%22_csrf%22%3Bi%3A1%3Bs%3A32%3A%22j9kFgPau8rHrxyAGtVV11iuZ509E3oZG%22%3B%7D'
    'PATH' => 'd:\\ospanel\\modules\\php\\PHP_7.3-x64\\ext;d:\\ospanel\\modules\\php\\PHP_7.3-x64\\pear;d:\\ospanel\\modules\\php\\PHP_7.3-x64\\pear\\bin;d:\\ospanel\\modules\\php\\PHP_7.3-x64;d:\\ospanel\\modules\\wget\\bin;d:\\ospanel\\modules\\git;d:\\ospanel\\modules\\git\\bin;d:\\ospanel\\modules\\git\\mingw\\bin;d:\\ospanel\\modules\\git\\cmd;d:\\ospanel\\modules\\database\\MariaDB-10.3-x64\\bin;d:\\ospanel\\modules\\http\\Apache_2.4-PHP_7.2-7.3-x64\\bin;d:\\ospanel\\modules\\http\\Apache_2.4-PHP_7.2-7.3-x64;C:\\Windows\\system32;C:\\Windows;C:\\Windows\\system32\\Wbem;C:\\Windows\\SysWOW64'
    'SystemRoot' => 'C:\\Windows'
    'COMSPEC' => 'C:\\Windows\\system32\\cmd.exe'
    'PATHEXT' => '.COM;.EXE;.BAT;.CMD;.VBS;.VBE;.JS;.JSE;.WSF;.WSH;.MSC'
    'WINDIR' => 'C:\\Windows'
    'SERVER_SIGNATURE' => ''
    'SERVER_SOFTWARE' => 'Apache'
    'SERVER_NAME' => 'convert.loc'
    'SERVER_ADDR' => '127.0.0.1'
    'SERVER_PORT' => '80'
    'REMOTE_ADDR' => '127.0.0.1'
    'DOCUMENT_ROOT' => 'D:/OSPanel/domains/convert.loc'
    'REQUEST_SCHEME' => 'http'
    'CONTEXT_PREFIX' => ''
    'CONTEXT_DOCUMENT_ROOT' => 'D:/OSPanel/domains/convert.loc'
    'SERVER_ADMIN' => '[no address given]'
    'SCRIPT_FILENAME' => 'D:/OSPanel/domains/convert.loc/web/index.php'
    'REMOTE_PORT' => '50170'
    'REDIRECT_URL' => '/web/js/jquery.min.map'
    'GATEWAY_INTERFACE' => 'CGI/1.1'
    'SERVER_PROTOCOL' => 'HTTP/1.1'
    'REQUEST_METHOD' => 'GET'
    'QUERY_STRING' => ''
    'REQUEST_URI' => '/web/js/jquery.min.map'
    'SCRIPT_NAME' => '/web/index.php'
    'PHP_SELF' => '/web/index.php'
    'REQUEST_TIME_FLOAT' => 1610196550.995
    'REQUEST_TIME' => 1610196550
    'argv' => []
    'argc' => 0
]
2021-01-09 15:53:11 [127.0.0.1][-][11blc4bmrbqj8fcse3tulertiiua3vlo][error][yii\web\HttpException:404] yii\base\InvalidRouteException: Unable to resolve the request "js/jquery.min.map". in D:\OSPanel\domains\convert.loc\vendor\yiisoft\yii2\base\Module.php:543
Stack trace:
#0 D:\OSPanel\domains\convert.loc\vendor\yiisoft\yii2\web\Application.php(104): yii\base\Module->runAction('js/jquery.min.m...', Array)
#1 D:\OSPanel\domains\convert.loc\vendor\yiisoft\yii2\base\Application.php(392): yii\web\Application->handleRequest(Object(yii\web\Request))
#2 D:\OSPanel\domains\convert.loc\web\index.php(12): yii\base\Application->run()
#3 {main}

Next yii\web\NotFoundHttpException: Page not found. in D:\OSPanel\domains\convert.loc\vendor\yiisoft\yii2\web\Application.php:116
Stack trace:
#0 D:\OSPanel\domains\convert.loc\vendor\yiisoft\yii2\base\Application.php(392): yii\web\Application->handleRequest(Object(yii\web\Request))
#1 D:\OSPanel\domains\convert.loc\web\index.php(12): yii\base\Application->run()
#2 {main}
2021-01-09 15:53:11 [127.0.0.1][-][11blc4bmrbqj8fcse3tulertiiua3vlo][info][application] $_GET = []

$_POST = []

$_FILES = []

$_COOKIE = [
    'PHPSESSID' => '11blc4bmrbqj8fcse3tulertiiua3vlo'
    '_csrf' => '0c7b78b8f0fa393a01d16cb4799ec70785db032c9c647a72640f43c8a25c1804a:2:{i:0;s:5:\"_csrf\";i:1;s:32:\"j9kFgPau8rHrxyAGtVV11iuZ509E3oZG\";}'
]

$_SESSION = [
    '__flash' => []
]

$_SERVER = [
    'REDIRECT_STATUS' => '200'
    'HTTP_HOST' => 'convert.loc'
    'HTTP_CONNECTION' => 'keep-alive'
    'HTTP_PRAGMA' => 'no-cache'
    'HTTP_CACHE_CONTROL' => 'no-cache'
    'HTTP_USER_AGENT' => 'Mozilla/5.0 (Windows NT 10.0; Win64; x64) AppleWebKit/537.36 (KHTML, like Gecko) Chrome/87.0.4280.88 Safari/537.36'
    'HTTP_ACCEPT_ENCODING' => 'gzip, deflate'
    'HTTP_ACCEPT_LANGUAGE' => 'ru-RU,ru;q=0.9,en-US;q=0.8,en;q=0.7,uz;q=0.6'
    'HTTP_COOKIE' => 'PHPSESSID=11blc4bmrbqj8fcse3tulertiiua3vlo; _csrf=0c7b78b8f0fa393a01d16cb4799ec70785db032c9c647a72640f43c8a25c1804a%3A2%3A%7Bi%3A0%3Bs%3A5%3A%22_csrf%22%3Bi%3A1%3Bs%3A32%3A%22j9kFgPau8rHrxyAGtVV11iuZ509E3oZG%22%3B%7D'
    'PATH' => 'd:\\ospanel\\modules\\php\\PHP_7.3-x64\\ext;d:\\ospanel\\modules\\php\\PHP_7.3-x64\\pear;d:\\ospanel\\modules\\php\\PHP_7.3-x64\\pear\\bin;d:\\ospanel\\modules\\php\\PHP_7.3-x64;d:\\ospanel\\modules\\wget\\bin;d:\\ospanel\\modules\\git;d:\\ospanel\\modules\\git\\bin;d:\\ospanel\\modules\\git\\mingw\\bin;d:\\ospanel\\modules\\git\\cmd;d:\\ospanel\\modules\\database\\MariaDB-10.3-x64\\bin;d:\\ospanel\\modules\\http\\Apache_2.4-PHP_7.2-7.3-x64\\bin;d:\\ospanel\\modules\\http\\Apache_2.4-PHP_7.2-7.3-x64;C:\\Windows\\system32;C:\\Windows;C:\\Windows\\system32\\Wbem;C:\\Windows\\SysWOW64'
    'SystemRoot' => 'C:\\Windows'
    'COMSPEC' => 'C:\\Windows\\system32\\cmd.exe'
    'PATHEXT' => '.COM;.EXE;.BAT;.CMD;.VBS;.VBE;.JS;.JSE;.WSF;.WSH;.MSC'
    'WINDIR' => 'C:\\Windows'
    'SERVER_SIGNATURE' => ''
    'SERVER_SOFTWARE' => 'Apache'
    'SERVER_NAME' => 'convert.loc'
    'SERVER_ADDR' => '127.0.0.1'
    'SERVER_PORT' => '80'
    'REMOTE_ADDR' => '127.0.0.1'
    'DOCUMENT_ROOT' => 'D:/OSPanel/domains/convert.loc'
    'REQUEST_SCHEME' => 'http'
    'CONTEXT_PREFIX' => ''
    'CONTEXT_DOCUMENT_ROOT' => 'D:/OSPanel/domains/convert.loc'
    'SERVER_ADMIN' => '[no address given]'
    'SCRIPT_FILENAME' => 'D:/OSPanel/domains/convert.loc/web/index.php'
    'REMOTE_PORT' => '50489'
    'REDIRECT_URL' => '/web/js/jquery.min.map'
    'GATEWAY_INTERFACE' => 'CGI/1.1'
    'SERVER_PROTOCOL' => 'HTTP/1.1'
    'REQUEST_METHOD' => 'GET'
    'QUERY_STRING' => ''
    'REQUEST_URI' => '/web/js/jquery.min.map'
    'SCRIPT_NAME' => '/web/index.php'
    'PHP_SELF' => '/web/index.php'
    'REQUEST_TIME_FLOAT' => 1610196791.459
    'REQUEST_TIME' => 1610196791
    'argv' => []
    'argc' => 0
]
2021-01-09 15:53:59 [127.0.0.1][-][11blc4bmrbqj8fcse3tulertiiua3vlo][error][yii\web\HttpException:404] yii\base\InvalidRouteException: Unable to resolve the request "js/jquery.min.map". in D:\OSPanel\domains\convert.loc\vendor\yiisoft\yii2\base\Module.php:543
Stack trace:
#0 D:\OSPanel\domains\convert.loc\vendor\yiisoft\yii2\web\Application.php(104): yii\base\Module->runAction('js/jquery.min.m...', Array)
#1 D:\OSPanel\domains\convert.loc\vendor\yiisoft\yii2\base\Application.php(392): yii\web\Application->handleRequest(Object(yii\web\Request))
#2 D:\OSPanel\domains\convert.loc\web\index.php(12): yii\base\Application->run()
#3 {main}

Next yii\web\NotFoundHttpException: Page not found. in D:\OSPanel\domains\convert.loc\vendor\yiisoft\yii2\web\Application.php:116
Stack trace:
#0 D:\OSPanel\domains\convert.loc\vendor\yiisoft\yii2\base\Application.php(392): yii\web\Application->handleRequest(Object(yii\web\Request))
#1 D:\OSPanel\domains\convert.loc\web\index.php(12): yii\base\Application->run()
#2 {main}
2021-01-09 15:53:59 [127.0.0.1][-][11blc4bmrbqj8fcse3tulertiiua3vlo][info][application] $_GET = []

$_POST = []

$_FILES = []

$_COOKIE = [
    'PHPSESSID' => '11blc4bmrbqj8fcse3tulertiiua3vlo'
    '_csrf' => '0c7b78b8f0fa393a01d16cb4799ec70785db032c9c647a72640f43c8a25c1804a:2:{i:0;s:5:\"_csrf\";i:1;s:32:\"j9kFgPau8rHrxyAGtVV11iuZ509E3oZG\";}'
]

$_SESSION = [
    '__flash' => []
]

$_SERVER = [
    'REDIRECT_STATUS' => '200'
    'HTTP_HOST' => 'convert.loc'
    'HTTP_CONNECTION' => 'keep-alive'
    'HTTP_PRAGMA' => 'no-cache'
    'HTTP_CACHE_CONTROL' => 'no-cache'
    'HTTP_USER_AGENT' => 'Mozilla/5.0 (Windows NT 10.0; Win64; x64) AppleWebKit/537.36 (KHTML, like Gecko) Chrome/87.0.4280.88 Safari/537.36'
    'HTTP_ACCEPT_ENCODING' => 'gzip, deflate'
    'HTTP_ACCEPT_LANGUAGE' => 'ru-RU,ru;q=0.9,en-US;q=0.8,en;q=0.7,uz;q=0.6'
    'HTTP_COOKIE' => 'PHPSESSID=11blc4bmrbqj8fcse3tulertiiua3vlo; _csrf=0c7b78b8f0fa393a01d16cb4799ec70785db032c9c647a72640f43c8a25c1804a%3A2%3A%7Bi%3A0%3Bs%3A5%3A%22_csrf%22%3Bi%3A1%3Bs%3A32%3A%22j9kFgPau8rHrxyAGtVV11iuZ509E3oZG%22%3B%7D'
    'PATH' => 'd:\\ospanel\\modules\\php\\PHP_7.3-x64\\ext;d:\\ospanel\\modules\\php\\PHP_7.3-x64\\pear;d:\\ospanel\\modules\\php\\PHP_7.3-x64\\pear\\bin;d:\\ospanel\\modules\\php\\PHP_7.3-x64;d:\\ospanel\\modules\\wget\\bin;d:\\ospanel\\modules\\git;d:\\ospanel\\modules\\git\\bin;d:\\ospanel\\modules\\git\\mingw\\bin;d:\\ospanel\\modules\\git\\cmd;d:\\ospanel\\modules\\database\\MariaDB-10.3-x64\\bin;d:\\ospanel\\modules\\http\\Apache_2.4-PHP_7.2-7.3-x64\\bin;d:\\ospanel\\modules\\http\\Apache_2.4-PHP_7.2-7.3-x64;C:\\Windows\\system32;C:\\Windows;C:\\Windows\\system32\\Wbem;C:\\Windows\\SysWOW64'
    'SystemRoot' => 'C:\\Windows'
    'COMSPEC' => 'C:\\Windows\\system32\\cmd.exe'
    'PATHEXT' => '.COM;.EXE;.BAT;.CMD;.VBS;.VBE;.JS;.JSE;.WSF;.WSH;.MSC'
    'WINDIR' => 'C:\\Windows'
    'SERVER_SIGNATURE' => ''
    'SERVER_SOFTWARE' => 'Apache'
    'SERVER_NAME' => 'convert.loc'
    'SERVER_ADDR' => '127.0.0.1'
    'SERVER_PORT' => '80'
    'REMOTE_ADDR' => '127.0.0.1'
    'DOCUMENT_ROOT' => 'D:/OSPanel/domains/convert.loc'
    'REQUEST_SCHEME' => 'http'
    'CONTEXT_PREFIX' => ''
    'CONTEXT_DOCUMENT_ROOT' => 'D:/OSPanel/domains/convert.loc'
    'SERVER_ADMIN' => '[no address given]'
    'SCRIPT_FILENAME' => 'D:/OSPanel/domains/convert.loc/web/index.php'
    'REMOTE_PORT' => '50554'
    'REDIRECT_URL' => '/web/js/jquery.min.map'
    'GATEWAY_INTERFACE' => 'CGI/1.1'
    'SERVER_PROTOCOL' => 'HTTP/1.1'
    'REQUEST_METHOD' => 'GET'
    'QUERY_STRING' => ''
    'REQUEST_URI' => '/web/js/jquery.min.map'
    'SCRIPT_NAME' => '/web/index.php'
    'PHP_SELF' => '/web/index.php'
    'REQUEST_TIME_FLOAT' => 1610196839.017
    'REQUEST_TIME' => 1610196839
    'argv' => []
    'argc' => 0
]
